1683031390327	geckodriver	INFO	Listening on 127.0.0.1:56733
1683031393363	mozrunner::runner	INFO	Running command: "C:\\Program Files\\Mozilla Firefox\\firefox.exe" "--marionette" "--remote-debugging-port" "56734" "--remote-allow-hosts" "localhost" "-no-remote" "-profile" "C:\\Users\\BERNAR~1.OLI\\AppData\\Local\\Temp\\rust_mozprofiley9yjwP"
console.warn: services.settings: Ignoring preference override of remote settings server
console.warn: services.settings: Allow by setting MOZ_REMOTE_SETTINGS_DEVTOOLS=1 in the environment
1683031393652	Marionette	INFO	Marionette enabled
Dynamically enable window occlusion 0
1683031393656	Marionette	INFO	Listening on port 56744
Read port: 56744
WebDriver BiDi listening on ws://127.0.0.1:56734
1683031393786	RemoteAgent	WARN	TLS certificate errors will be ignored for this session
console.warn: SearchSettings: "get: No settings file exists, new profile?" (new NotFoundError("Could not open the file at C:\\Users\\BERNAR~1.OLI\\AppData\\Local\\Temp\\rust_mozprofiley9yjwP\\search.json.mozlz4", (void 0)))
[ERROR glean_core] Error setting metrics feature config: Json(Error("EOF while parsing a value", line: 1, column: 0))
DevTools listening on ws://127.0.0.1:56734/devtools/browser/d3f04ee7-348a-4e85-aa49-8a912a73834a
console.warn: LoginRecipes: "Falling back to a synchronous message for: https://sig.tse.jus.br."
console.warn: LoginRecipes: "Falling back to a synchronous message for: https://sig.tse.jus.br."
console.warn: LoginRecipes: "Falling back to a synchronous message for: https://sig.tse.jus.br."
console.warn: LoginRecipes: "Falling back to a synchronous message for: https://sig.tse.jus.br."
console.warn: LoginRecipes: "Falling back to a synchronous message for: https://sig.tse.jus.br."
console.warn: LoginRecipes: "Falling back to a synchronous message for: https://sig.tse.jus.br."
console.warn: LoginRecipes: "Falling back to a synchronous message for: https://sig.tse.jus.br."
console.warn: LoginRecipes: "Falling back to a synchronous message for: https://sig.tse.jus.br."
console.warn: LoginRecipes: "Falling back to a synchronous message for: https://sig.tse.jus.br."
console.warn: LoginRecipes: "Falling back to a synchronous message for: https://sig.tse.jus.br."
console.warn: LoginRecipes: "Falling back to a synchronous message for: https://sig.tse.jus.br."
console.warn: LoginRecipes: "Falling back to a synchronous message for: https://sig.tse.jus.br."
console.warn: LoginRecipes: "Falling back to a synchronous message for: https://sig.tse.jus.br."
console.warn: LoginRecipes: "Falling back to a synchronous message for: https://sig.tse.jus.br."
console.warn: LoginRecipes: "Falling back to a synchronous message for: https://sig.tse.jus.br."
console.warn: LoginRecipes: "Falling back to a synchronous message for: https://sig.tse.jus.br."
console.warn: LoginRecipes: "Falling back to a synchronous message for: https://sig.tse.jus.br."
console.warn: LoginRecipes: "Falling back to a synchronous message for: https://sig.tse.jus.br."
console.warn: LoginRecipes: "Falling back to a synchronous message for: https://sig.tse.jus.br."
console.warn: LoginRecipes: "Falling back to a synchronous message for: https://sig.tse.jus.br."
console.warn: LoginRecipes: "Falling back to a synchronous message for: https://sig.tse.jus.br."
console.warn: LoginRecipes: "Falling back to a synchronous message for: https://sig.tse.jus.br."
console.warn: LoginRecipes: "Falling back to a synchronous message for: https://sig.tse.jus.br."
console.warn: LoginRecipes: "Falling back to a synchronous message for: https://sig.tse.jus.br."
console.warn: LoginRecipes: "Falling back to a synchronous message for: https://sig.tse.jus.br."
console.warn: LoginRecipes: "Falling back to a synchronous message for: https://sig.tse.jus.br."
console.warn: LoginRecipes: "Falling back to a synchronous message for: https://sig.tse.jus.br."
console.warn: LoginRecipes: "Falling back to a synchronous message for: https://sig.tse.jus.br."
console.warn: LoginRecipes: "Falling back to a synchronous message for: https://sig.tse.jus.br."
console.warn: LoginRecipes: "Falling back to a synchronous message for: https://sig.tse.jus.br."
console.warn: LoginRecipes: "Falling back to a synchronous message for: https://sig.tse.jus.br."
console.warn: LoginRecipes: "Falling back to a synchronous message for: https://sig.tse.jus.br."
console.warn: LoginRecipes: "Falling back to a synchronous message for: https://sig.tse.jus.br."
console.warn: LoginRecipes: "Falling back to a synchronous message for: https://sig.tse.jus.br."
console.warn: LoginRecipes: "Falling back to a synchronous message for: https://sig.tse.jus.br."
console.warn: LoginRecipes: "Falling back to a synchronous message for: https://sig.tse.jus.br."
console.warn: LoginRecipes: "Falling back to a synchronous message for: https://sig.tse.jus.br."
console.warn: LoginRecipes: "Falling back to a synchronous message for: https://sig.tse.jus.br."
console.warn: LoginRecipes: "Falling back to a synchronous message for: https://sig.tse.jus.br."
console.warn: LoginRecipes: "Falling back to a synchronous message for: https://sig.tse.jus.br."
console.warn: LoginRecipes: "Falling back to a synchronous message for: https://sig.tse.jus.br."
console.warn: LoginRecipes: "Falling back to a synchronous message for: https://sig.tse.jus.br."
console.warn: LoginRecipes: "Falling back to a synchronous message for: https://sig.tse.jus.br."
console.warn: LoginRecipes: "Falling back to a synchronous message for: https://sig.tse.jus.br."
console.warn: LoginRecipes: "Falling back to a synchronous message for: https://sig.tse.jus.br."
console.warn: LoginRecipes: "Falling back to a synchronous message for: https://sig.tse.jus.br."
console.warn: LoginRecipes: "Falling back to a synchronous message for: https://sig.tse.jus.br."
console.warn: LoginRecipes: "Falling back to a synchronous message for: https://sig.tse.jus.br."
console.warn: LoginRecipes: "Falling back to a synchronous message for: https://sig.tse.jus.br."
console.warn: LoginRecipes: "Falling back to a synchronous message for: https://sig.tse.jus.br."
console.warn: LoginRecipes: "Falling back to a synchronous message for: https://sig.tse.jus.br."
console.warn: LoginRecipes: "Falling back to a synchronous message for: https://sig.tse.jus.br."
console.warn: LoginRecipes: "Falling back to a synchronous message for: https://sig.tse.jus.br."
console.warn: LoginRecipes: "Falling back to a synchronous message for: https://sig.tse.jus.br."
console.warn: LoginRecipes: "Falling back to a synchronous message for: https://sig.tse.jus.br."
console.warn: LoginRecipes: "Falling back to a synchronous message for: https://sig.tse.jus.br."
console.warn: LoginRecipes: "Falling back to a synchronous message for: https://sig.tse.jus.br."
console.warn: LoginRecipes: "Falling back to a synchronous message for: https://sig.tse.jus.br."
console.warn: LoginRecipes: "Falling back to a synchronous message for: https://sig.tse.jus.br."
console.warn: LoginRecipes: "Falling back to a synchronous message for: https://sig.tse.jus.br."
console.warn: LoginRecipes: "Falling back to a synchronous message for: https://sig.tse.jus.br."
console.warn: LoginRecipes: "Falling back to a synchronous message for: https://sig.tse.jus.br."
console.warn: LoginRecipes: "Falling back to a synchronous message for: https://sig.tse.jus.br."
console.warn: LoginRecipes: "Falling back to a synchronous message for: https://sig.tse.jus.br."
console.warn: LoginRecipes: "Falling back to a synchronous message for: https://sig.tse.jus.br."
console.warn: LoginRecipes: "Falling back to a synchronous message for: https://sig.tse.jus.br."
console.warn: LoginRecipes: "Falling back to a synchronous message for: https://sig.tse.jus.br."
console.warn: LoginRecipes: "Falling back to a synchronous message for: https://sig.tse.jus.br."
console.warn: LoginRecipes: "Falling back to a synchronous message for: https://sig.tse.jus.br."
console.warn: LoginRecipes: "Falling back to a synchronous message for: https://sig.tse.jus.br."
console.warn: LoginRecipes: "Falling back to a synchronous message for: https://sig.tse.jus.br."
console.warn: LoginRecipes: "Falling back to a synchronous message for: https://sig.tse.jus.br."
console.warn: LoginRecipes: "Falling back to a synchronous message for: https://sig.tse.jus.br."
console.warn: LoginRecipes: "Falling back to a synchronous message for: https://sig.tse.jus.br."
console.warn: LoginRecipes: "Falling back to a synchronous message for: https://sig.tse.jus.br."
console.warn: LoginRecipes: "Falling back to a synchronous message for: https://sig.tse.jus.br."
console.warn: LoginRecipes: "Falling back to a synchronous message for: https://sig.tse.jus.br."
console.warn: LoginRecipes: "Falling back to a synchronous message for: https://sig.tse.jus.br."
console.warn: LoginRecipes: "Falling back to a synchronous message for: https://sig.tse.jus.br."
console.warn: LoginRecipes: "Falling back to a synchronous message for: https://sig.tse.jus.br."
console.warn: LoginRecipes: "Falling back to a synchronous message for: https://sig.tse.jus.br."
console.warn: LoginRecipes: "Falling back to a synchronous message for: https://sig.tse.jus.br."
console.warn: LoginRecipes: "Falling back to a synchronous message for: https://sig.tse.jus.br."
console.warn: LoginRecipes: "Falling back to a synchronous message for: https://sig.tse.jus.br."
console.warn: LoginRecipes: "Falling back to a synchronous message for: https://sig.tse.jus.br."
console.warn: LoginRecipes: "Falling back to a synchronous message for: https://sig.tse.jus.br."
console.warn: LoginRecipes: "Falling back to a synchronous message for: https://sig.tse.jus.br."
console.warn: LoginRecipes: "Falling back to a synchronous message for: https://sig.tse.jus.br."
console.warn: LoginRecipes: "Falling back to a synchronous message for: https://sig.tse.jus.br."
console.warn: LoginRecipes: "Falling back to a synchronous message for: https://sig.tse.jus.br."
console.warn: LoginRecipes: "Falling back to a synchronous message for: https://sig.tse.jus.br."
console.warn: LoginRecipes: "Falling back to a synchronous message for: https://sig.tse.jus.br."
console.warn: LoginRecipes: "Falling back to a synchronous message for: https://sig.tse.jus.br."
console.warn: LoginRecipes: "Falling back to a synchronous message for: https://sig.tse.jus.br."
console.warn: LoginRecipes: "Falling back to a synchronous message for: https://sig.tse.jus.br."
console.warn: LoginRecipes: "Falling back to a synchronous message for: https://sig.tse.jus.br."
console.warn: LoginRecipes: "Falling back to a synchronous message for: https://sig.tse.jus.br."
console.warn: LoginRecipes: "Falling back to a synchronous message for: https://sig.tse.jus.br."
console.warn: LoginRecipes: "Falling back to a synchronous message for: https://sig.tse.jus.br."
console.warn: LoginRecipes: "Falling back to a synchronous message for: https://sig.tse.jus.br."
console.warn: LoginRecipes: "Falling back to a synchronous message for: https://sig.tse.jus.br."
console.warn: LoginRecipes: "Falling back to a synchronous message for: https://sig.tse.jus.br."
console.warn: LoginRecipes: "Falling back to a synchronous message for: https://sig.tse.jus.br."
console.warn: LoginRecipes: "Falling back to a synchronous message for: https://sig.tse.jus.br."
console.warn: LoginRecipes: "Falling back to a synchronous message for: https://sig.tse.jus.br."
console.warn: LoginRecipes: "Falling back to a synchronous message for: https://sig.tse.jus.br."
console.warn: LoginRecipes: "Falling back to a synchronous message for: https://sig.tse.jus.br."
console.warn: LoginRecipes: "Falling back to a synchronous message for: https://sig.tse.jus.br."
console.warn: LoginRecipes: "Falling back to a synchronous message for: https://sig.tse.jus.br."
console.warn: LoginRecipes: "Falling back to a synchronous message for: https://sig.tse.jus.br."
console.warn: LoginRecipes: "Falling back to a synchronous message for: https://sig.tse.jus.br."
console.warn: LoginRecipes: "Falling back to a synchronous message for: https://sig.tse.jus.br."
console.warn: LoginRecipes: "Falling back to a synchronous message for: https://sig.tse.jus.br."
console.warn: LoginRecipes: "Falling back to a synchronous message for: https://sig.tse.jus.br."
console.warn: LoginRecipes: "Falling back to a synchronous message for: https://sig.tse.jus.br."
console.warn: LoginRecipes: "Falling back to a synchronous message for: https://sig.tse.jus.br."
console.warn: LoginRecipes: "Falling back to a synchronous message for: https://sig.tse.jus.br."
console.warn: LoginRecipes: "Falling back to a synchronous message for: https://sig.tse.jus.br."
console.warn: LoginRecipes: "Falling back to a synchronous message for: https://sig.tse.jus.br."
console.warn: LoginRecipes: "Falling back to a synchronous message for: https://sig.tse.jus.br."
console.warn: LoginRecipes: "Falling back to a synchronous message for: https://sig.tse.jus.br."
console.warn: LoginRecipes: "Falling back to a synchronous message for: https://sig.tse.jus.br."
console.warn: LoginRecipes: "Falling back to a synchronous message for: https://sig.tse.jus.br."
console.warn: LoginRecipes: "Falling back to a synchronous message for: https://sig.tse.jus.br."
console.warn: LoginRecipes: "Falling back to a synchronous message for: https://sig.tse.jus.br."
console.warn: LoginRecipes: "Falling back to a synchronous message for: https://sig.tse.jus.br."
console.warn: LoginRecipes: "Falling back to a synchronous message for: https://sig.tse.jus.br."
console.warn: LoginRecipes: "Falling back to a synchronous message for: https://sig.tse.jus.br."
console.warn: LoginRecipes: "Falling back to a synchronous message for: https://sig.tse.jus.br."
console.warn: LoginRecipes: "Falling back to a synchronous message for: https://sig.tse.jus.br."
console.warn: LoginRecipes: "Falling back to a synchronous message for: https://sig.tse.jus.br."
console.warn: LoginRecipes: "Falling back to a synchronous message for: https://sig.tse.jus.br."
console.warn: LoginRecipes: "Falling back to a synchronous message for: https://sig.tse.jus.br."
console.warn: LoginRecipes: "Falling back to a synchronous message for: https://sig.tse.jus.br."
console.warn: LoginRecipes: "Falling back to a synchronous message for: https://sig.tse.jus.br."
console.warn: LoginRecipes: "Falling back to a synchronous message for: https://sig.tse.jus.br."
console.warn: LoginRecipes: "Falling back to a synchronous message for: https://sig.tse.jus.br."
console.warn: LoginRecipes: "Falling back to a synchronous message for: https://sig.tse.jus.br."
console.warn: LoginRecipes: "Falling back to a synchronous message for: https://sig.tse.jus.br."
console.warn: LoginRecipes: "Falling back to a synchronous message for: https://sig.tse.jus.br."
console.warn: LoginRecipes: "Falling back to a synchronous message for: https://sig.tse.jus.br."
console.warn: LoginRecipes: "Falling back to a synchronous message for: https://sig.tse.jus.br."
console.warn: LoginRecipes: "Falling back to a synchronous message for: https://sig.tse.jus.br."
console.warn: LoginRecipes: "Falling back to a synchronous message for: https://sig.tse.jus.br."
console.warn: LoginRecipes: "Falling back to a synchronous message for: https://sig.tse.jus.br."
console.warn: LoginRecipes: "Falling back to a synchronous message for: https://sig.tse.jus.br."
console.warn: LoginRecipes: "Falling back to a synchronous message for: https://sig.tse.jus.br."
console.warn: LoginRecipes: "Falling back to a synchronous message for: https://sig.tse.jus.br."
console.warn: LoginRecipes: "Falling back to a synchronous message for: https://sig.tse.jus.br."
console.warn: LoginRecipes: "Falling back to a synchronous message for: https://sig.tse.jus.br."
console.warn: LoginRecipes: "Falling back to a synchronous message for: https://sig.tse.jus.br."
console.warn: LoginRecipes: "Falling back to a synchronous message for: https://sig.tse.jus.br."
console.warn: LoginRecipes: "Falling back to a synchronous message for: https://sig.tse.jus.br."
console.warn: LoginRecipes: "Falling back to a synchronous message for: https://sig.tse.jus.br."
console.warn: LoginRecipes: "Falling back to a synchronous message for: https://sig.tse.jus.br."
console.warn: LoginRecipes: "Falling back to a synchronous message for: https://sig.tse.jus.br."
console.warn: LoginRecipes: "Falling back to a synchronous message for: https://sig.tse.jus.br."
console.warn: LoginRecipes: "Falling back to a synchronous message for: https://sig.tse.jus.br."
console.warn: LoginRecipes: "Falling back to a synchronous message for: https://sig.tse.jus.br."
console.warn: LoginRecipes: "Falling back to a synchronous message for: https://sig.tse.jus.br."
console.warn: LoginRecipes: "Falling back to a synchronous message for: https://sig.tse.jus.br."
console.warn: LoginRecipes: "Falling back to a synchronous message for: https://sig.tse.jus.br."
console.warn: LoginRecipes: "Falling back to a synchronous message for: https://sig.tse.jus.br."
console.warn: LoginRecipes: "Falling back to a synchronous message for: https://sig.tse.jus.br."
console.warn: LoginRecipes: "Falling back to a synchronous message for: https://sig.tse.jus.br."
console.warn: LoginRecipes: "Falling back to a synchronous message for: https://sig.tse.jus.br."
console.warn: LoginRecipes: "Falling back to a synchronous message for: https://sig.tse.jus.br."
console.warn: LoginRecipes: "Falling back to a synchronous message for: https://sig.tse.jus.br."
console.warn: LoginRecipes: "Falling back to a synchronous message for: https://sig.tse.jus.br."
console.warn: LoginRecipes: "Falling back to a synchronous message for: https://sig.tse.jus.br."
console.warn: LoginRecipes: "Falling back to a synchronous message for: https://sig.tse.jus.br."
console.warn: LoginRecipes: "Falling back to a synchronous message for: https://sig.tse.jus.br."
console.warn: LoginRecipes: "Falling back to a synchronous message for: https://sig.tse.jus.br."
console.warn: LoginRecipes: "Falling back to a synchronous message for: https://sig.tse.jus.br."
console.warn: LoginRecipes: "Falling back to a synchronous message for: https://sig.tse.jus.br."
console.warn: LoginRecipes: "Falling back to a synchronous message for: https://sig.tse.jus.br."
console.warn: LoginRecipes: "Falling back to a synchronous message for: https://sig.tse.jus.br."
console.warn: LoginRecipes: "Falling back to a synchronous message for: https://sig.tse.jus.br."
console.warn: LoginRecipes: "Falling back to a synchronous message for: https://sig.tse.jus.br."
console.warn: LoginRecipes: "Falling back to a synchronous message for: https://sig.tse.jus.br."
console.warn: LoginRecipes: "Falling back to a synchronous message for: https://sig.tse.jus.br."
console.warn: LoginRecipes: "Falling back to a synchronous message for: https://sig.tse.jus.br."
console.warn: LoginRecipes: "Falling back to a synchronous message for: https://sig.tse.jus.br."
console.warn: LoginRecipes: "Falling back to a synchronous message for: https://sig.tse.jus.br."
console.warn: LoginRecipes: "Falling back to a synchronous message for: https://sig.tse.jus.br."
console.warn: LoginRecipes: "Falling back to a synchronous message for: https://sig.tse.jus.br."
console.warn: LoginRecipes: "Falling back to a synchronous message for: https://sig.tse.jus.br."
console.warn: LoginRecipes: "Falling back to a synchronous message for: https://sig.tse.jus.br."
console.warn: LoginRecipes: "Falling back to a synchronous message for: https://sig.tse.jus.br."
console.warn: LoginRecipes: "Falling back to a synchronous message for: https://sig.tse.jus.br."
console.warn: LoginRecipes: "Falling back to a synchronous message for: https://sig.tse.jus.br."
console.warn: LoginRecipes: "Falling back to a synchronous message for: https://sig.tse.jus.br."
console.warn: LoginRecipes: "Falling back to a synchronous message for: https://sig.tse.jus.br."
console.warn: LoginRecipes: "Falling back to a synchronous message for: https://sig.tse.jus.br."
console.warn: LoginRecipes: "Falling back to a synchronous message for: https://sig.tse.jus.br."
console.warn: LoginRecipes: "Falling back to a synchronous message for: https://sig.tse.jus.br."
console.warn: LoginRecipes: "Falling back to a synchronous message for: https://sig.tse.jus.br."
console.warn: LoginRecipes: "Falling back to a synchronous message for: https://sig.tse.jus.br."
console.warn: LoginRecipes: "Falling back to a synchronous message for: https://sig.tse.jus.br."
console.warn: LoginRecipes: "Falling back to a synchronous message for: https://sig.tse.jus.br."
console.warn: LoginRecipes: "Falling back to a synchronous message for: https://sig.tse.jus.br."
console.warn: LoginRecipes: "Falling back to a synchronous message for: https://sig.tse.jus.br."
console.warn: LoginRecipes: "Falling back to a synchronous message for: https://sig.tse.jus.br."
console.warn: LoginRecipes: "Falling back to a synchronous message for: https://sig.tse.jus.br."
console.warn: LoginRecipes: "Falling back to a synchronous message for: https://sig.tse.jus.br."
console.warn: LoginRecipes: "Falling back to a synchronous message for: https://sig.tse.jus.br."
console.warn: LoginRecipes: "Falling back to a synchronous message for: https://sig.tse.jus.br."
console.warn: LoginRecipes: "Falling back to a synchronous message for: https://sig.tse.jus.br."
console.warn: LoginRecipes: "Falling back to a synchronous message for: https://sig.tse.jus.br."
console.warn: LoginRecipes: "Falling back to a synchronous message for: https://sig.tse.jus.br."
console.warn: LoginRecipes: "Falling back to a synchronous message for: https://sig.tse.jus.br."
console.warn: LoginRecipes: "Falling back to a synchronous message for: https://sig.tse.jus.br."
console.warn: LoginRecipes: "Falling back to a synchronous message for: https://sig.tse.jus.br."
console.warn: LoginRecipes: "Falling back to a synchronous message for: https://sig.tse.jus.br."
console.warn: LoginRecipes: "Falling back to a synchronous message for: https://sig.tse.jus.br."
console.warn: LoginRecipes: "Falling back to a synchronous message for: https://sig.tse.jus.br."
console.warn: LoginRecipes: "Falling back to a synchronous message for: https://sig.tse.jus.br."
console.warn: LoginRecipes: "Falling back to a synchronous message for: https://sig.tse.jus.br."
console.warn: LoginRecipes: "Falling back to a synchronous message for: https://sig.tse.jus.br."
console.warn: LoginRecipes: "Falling back to a synchronous message for: https://sig.tse.jus.br."
console.warn: LoginRecipes: "Falling back to a synchronous message for: https://sig.tse.jus.br."
console.warn: LoginRecipes: "Falling back to a synchronous message for: https://sig.tse.jus.br."
console.warn: LoginRecipes: "Falling back to a synchronous message for: https://sig.tse.jus.br."
console.warn: LoginRecipes: "Falling back to a synchronous message for: https://sig.tse.jus.br."
console.warn: LoginRecipes: "Falling back to a synchronous message for: https://sig.tse.jus.br."
console.warn: LoginRecipes: "Falling back to a synchronous message for: https://sig.tse.jus.br."
console.warn: LoginRecipes: "Falling back to a synchronous message for: https://sig.tse.jus.br."
console.warn: LoginRecipes: "Falling back to a synchronous message for: https://sig.tse.jus.br."
console.warn: LoginRecipes: "Falling back to a synchronous message for: https://sig.tse.jus.br."
console.warn: LoginRecipes: "Falling back to a synchronous message for: https://sig.tse.jus.br."
console.warn: LoginRecipes: "Falling back to a synchronous message for: https://sig.tse.jus.br."
console.warn: LoginRecipes: "Falling back to a synchronous message for: https://sig.tse.jus.br."
console.warn: LoginRecipes: "Falling back to a synchronous message for: https://sig.tse.jus.br."
console.warn: LoginRecipes: "Falling back to a synchronous message for: https://sig.tse.jus.br."
console.warn: LoginRecipes: "Falling back to a synchronous message for: https://sig.tse.jus.br."
console.warn: LoginRecipes: "Falling back to a synchronous message for: https://sig.tse.jus.br."
console.warn: LoginRecipes: "Falling back to a synchronous message for: https://sig.tse.jus.br."
console.warn: LoginRecipes: "Falling back to a synchronous message for: https://sig.tse.jus.br."
console.warn: LoginRecipes: "Falling back to a synchronous message for: https://sig.tse.jus.br."
console.warn: LoginRecipes: "Falling back to a synchronous message for: https://sig.tse.jus.br."
console.warn: LoginRecipes: "Falling back to a synchronous message for: https://sig.tse.jus.br."
console.warn: LoginRecipes: "Falling back to a synchronous message for: https://sig.tse.jus.br."
console.warn: LoginRecipes: "Falling back to a synchronous message for: https://sig.tse.jus.br."
console.warn: LoginRecipes: "Falling back to a synchronous message for: https://sig.tse.jus.br."
console.warn: LoginRecipes: "Falling back to a synchronous message for: https://sig.tse.jus.br."
console.warn: LoginRecipes: "Falling back to a synchronous message for: https://sig.tse.jus.br."
console.warn: LoginRecipes: "Falling back to a synchronous message for: https://sig.tse.jus.br."
console.warn: LoginRecipes: "Falling back to a synchronous message for: https://sig.tse.jus.br."
console.warn: LoginRecipes: "Falling back to a synchronous message for: https://sig.tse.jus.br."
JavaScript error: , line 0: NS_ERROR_NOT_AVAILABLE
1683032083542	Marionette	INFO	Stopped listening on port 56744
Dynamically enable window occlusion 1
console.warn: TopSitesFeed: Failed to fetch data from Contile server: NetworkError when attempting to fetch resource.
C:\\Users\\BERNAR~1.OLI\\AppData\\Local\\Temp\\rust_mozprofileIgLjgK"
console.warn: services.settings: Ignoring preference override of remote settings server
console.warn: services.settings: Allow by setting MOZ_REMOTE_SETTINGS_DEVTOOLS=1 in the environment
1683031810618	Marionette	INFO	Marionette enabled
Dynamically enable window occlusion 0
1683031810622	Marionette	INFO	Listening on port 57439
WebDriver BiDi listening on ws://127.0.0.1:57430
Read port: 57439
1683031810838	RemoteAgent	WARN	TLS certificate errors will be ignored for this session
console.warn: SearchSettings: "get: No settings file exists, new profile?" (new NotFoundError("Could not open the file at C:\\Users\\BERNAR~1.OLI\\AppData\\Local\\Temp\\rust_mozprofileIgLjgK\\search.json.mozlz4", (void 0)))
[ERROR glean_core] Error setting metrics feature config: Json(Error("EOF while parsing a value", line: 1, column: 0))
DevTools listening on ws://127.0.0.1:57430/devtools/browser/aeb1f42c-8a38-4fb3-9d87-76b7fc553350
console.warn: LoginRecipes: "Falling back to a synchronous message for: https://sig.tse.jus.br."
console.warn: LoginRecipes: "Falling back to a synchronous message for: https://sig.tse.jus.br."
console.warn: LoginRecipes: "Falling back to a synchronous message for: https://sig.tse.jus.br."
console.warn: LoginRecipes: "Falling back to a synchronous message for: https://sig.tse.jus.br."
console.warn: LoginRecipes: "Falling back to a synchronous message for: https://sig.tse.jus.br."
console.warn: LoginRecipes: "Falling back to a synchronous message for: https://sig.tse.jus.br."
console.warn: LoginRecipes: "Falling back to a synchronous message for: https://sig.tse.jus.br."
console.warn: LoginRecipes: "Falling back to a synchronous message for: https://sig.tse.jus.br."
console.warn: LoginRecipes: "Falling back to a synchronous message for: https://sig.tse.jus.br."
console.warn: LoginRecipes: "Falling back to a synchronous message for: https://sig.tse.jus.br."
console.warn: LoginRecipes: "Falling back to a synchronous message for: https://sig.tse.jus.br."
console.warn: LoginRecipes: "Falling back to a synchronous message for: https://sig.tse.jus.br."
console.warn: LoginRecipes: "Falling back to a synchronous message for: https://sig.tse.jus.br."
console.warn: LoginRecipes: "Falling back to a synchronous message for: https://sig.tse.jus.br."
console.warn: LoginRecipes: "Falling back to a synchronous message for: https://sig.tse.jus.br."
console.warn: LoginRecipes: "Falling back to a synchronous message for: https://sig.tse.jus.br."
console.warn: LoginRecipes: "Falling back to a synchronous message for: https://sig.tse.jus.br."
console.warn: LoginRecipes: "Falling back to a synchronous message for: https://sig.tse.jus.br."
console.warn: LoginRecipes: "Falling back to a synchronous message for: https://sig.tse.jus.br."
console.warn: LoginRecipes: "Falling back to a synchronous message for: https://sig.tse.jus.br."
console.warn: LoginRecipes: "Falling back to a synchronous message for: https://sig.tse.jus.br."
console.warn: LoginRecipes: "Falling back to a synchronous message for: https://sig.tse.jus.br."
console.warn: LoginRecipes: "Falling back to a synchronous message for: https://sig.tse.jus.br."
console.warn: LoginRecipes: "Falling back to a synchronous message for: https://sig.tse.jus.br."
console.warn: LoginRecipes: "Falling back to a synchronous message for: https://sig.tse.jus.br."
console.warn: LoginRecipes: "Falling back to a synchronous message for: https://sig.tse.jus.br."
console.warn: LoginRecipes: "Falling back to a synchronous message for: https://sig.tse.jus.br."
console.warn: LoginRecipes: "Falling back to a synchronous message for: https://sig.tse.jus.br."
console.warn: LoginRecipes: "Falling back to a synchronous message for: https://sig.tse.jus.br."
console.warn: LoginRecipes: "Falling back to a synchronous message for: https://sig.tse.jus.br."
console.warn: LoginRecipes: "Falling back to a synchronous message for: https://sig.tse.jus.br."
console.warn: LoginRecipes: "Falling back to a synchronous message for: https://sig.tse.jus.br."
console.warn: LoginRecipes: "Falling back to a synchronous message for: https://sig.tse.jus.br."
console.warn: LoginRecipes: "Falling back to a synchronous message for: https://sig.tse.jus.br."
console.warn: LoginRecipes: "Falling back to a synchronous message for: https://sig.tse.jus.br."
console.warn: LoginRecipes: "Falling back to a synchronous message for: https://sig.tse.jus.br."
console.warn: LoginRecipes: "Falling back to a synchronous message for: https://sig.tse.jus.br."
console.warn: LoginRecipes: "Falling back to a synchronous message for: https://sig.tse.jus.br."
console.warn: LoginRecipes: "Falling back to a synchronous message for: https://sig.tse.jus.br."
console.warn: LoginRecipes: "Falling back to a synchronous message for: https://sig.tse.jus.br."
console.warn: LoginRecipes: "Falling back to a synchronous message for: https://sig.tse.jus.br."
console.warn: LoginRecipes: "Falling back to a synchronous message for: https://sig.tse.jus.br."
console.warn: LoginRecipes: "Falling back to a synchronous message for: https://sig.tse.jus.br."
console.warn: LoginRecipes: "Falling back to a synchronous message for: https://sig.tse.jus.br."
console.warn: LoginRecipes: "Falling back to a synchronous message for: https://sig.tse.jus.br."
console.warn: LoginRecipes: "Falling back to a synchronous message for: https://sig.tse.jus.br."
console.warn: LoginRecipes: "Falling back to a synchronous message for: https://sig.tse.jus.br."
console.warn: LoginRecipes: "Falling back to a synchronous message for: https://sig.tse.jus.br."
console.warn: LoginRecipes: "Falling back to a synchronous message for: https://sig.tse.jus.br."
console.warn: LoginRecipes: "Falling back to a synchronous message for: https://sig.tse.jus.br."
console.warn: LoginRecipes: "Falling back to a synchronous message for: https://sig.tse.jus.br."
console.warn: LoginRecipes: "Falling back to a synchronous message for: https://sig.tse.jus.br."
console.warn: LoginRecipes: "Falling back to a synchronous message for: https://sig.tse.jus.br."
console.warn: LoginRecipes: "Falling back to a synchronous message for: https://sig.tse.jus.br."
console.warn: LoginRecipes: "Falling back to a synchronous message for: https://sig.tse.jus.br."
console.warn: LoginRecipes: "Falling back to a synchronous message for: https://sig.tse.jus.br."
console.warn: LoginRecipes: "Falling back to a synchronous message for: https://sig.tse.jus.br."
console.warn: LoginRecipes: "Falling back to a synchronous message for: https://sig.tse.jus.br."
console.warn: LoginRecipes: "Falling back to a synchronous message for: https://sig.tse.jus.br."
console.warn: LoginRecipes: "Falling back to a synchronous message for: https://sig.tse.jus.br."
console.warn: LoginRecipes: "Falling back to a synchronous message for: https://sig.tse.jus.br."
console.warn: LoginRecipes: "Falling back to a synchronous message for: https://sig.tse.jus.br."
console.warn: LoginRecipes: "Falling back to a synchronous message for: https://sig.tse.jus.br."
console.warn: LoginRecipes: "Falling back to a synchronous message for: https://sig.tse.jus.br."
console.warn: LoginRecipes: "Falling back to a synchronous message for: https://sig.tse.jus.br."
console.warn: LoginRecipes: "Falling back to a synchronous message for: https://sig.tse.jus.br."
console.warn: LoginRecipes: "Falling back to a synchronous message for: https://sig.tse.jus.br."
console.warn: LoginRecipes: "Falling back to a synchronous message for: https://sig.tse.jus.br."
console.warn: LoginRecipes: "Falling back to a synchronous message for: https://sig.tse.jus.br."
console.warn: LoginRecipes: "Falling back to a synchronous message for: https://sig.tse.jus.br."
console.warn: LoginRecipes: "Falling back to a synchronous message for: https://sig.tse.jus.br."
console.warn: LoginRecipes: "Falling back to a synchronous message for: https://sig.tse.jus.br."
console.warn: LoginRecipes: "Falling back to a synchronous message for: https://sig.tse.jus.br."
console.warn: LoginRecipes: "Falling back to a synchronous message for: https://sig.tse.jus.br."
console.warn: LoginRecipes: "Falling back to a synchronous message for: https://sig.tse.jus.br."
console.warn: LoginRecipes: "Falling back to a synchronous message for: https://sig.tse.jus.br."
console.warn: LoginRecipes: "Falling back to a synchronous message for: https://sig.tse.jus.br."
console.warn: LoginRecipes: "Falling back to a synchronous message for: https://sig.tse.jus.br."
console.warn: LoginRecipes: "Falling back to a synchronous message for: https://sig.tse.jus.br."
console.warn: LoginRecipes: "Falling back to a synchronous message for: https://sig.tse.jus.br."
console.warn: LoginRecipes: "Falling back to a synchronous message for: https://sig.tse.jus.br."
console.warn: LoginRecipes: "Falling back to a synchronous message for: https://sig.tse.jus.br."
console.warn: LoginRecipes: "Falling back to a synchronous message for: https://sig.tse.jus.br."
console.warn: LoginRecipes: "Falling back to a synchronous message for: https://sig.tse.jus.br."
console.warn: LoginRecipes: "Falling back to a synchronous message for: https://sig.tse.jus.br."
console.warn: LoginRecipes: "Falling back to a synchronous message for: https://sig.tse.jus.br."
console.warn: LoginRecipes: "Falling back to a synchronous message for: https://sig.tse.jus.br."
console.warn: LoginRecipes: "Falling back to a synchronous message for: https://sig.tse.jus.br."
console.warn: LoginRecipes: "Falling back to a synchronous message for: https://sig.tse.jus.br."
console.warn: LoginRecipes: "Falling back to a synchronous message for: https://sig.tse.jus.br."
console.warn: LoginRecipes: "Falling back to a synchronous message for: https://sig.tse.jus.br."
console.warn: LoginRecipes: "Falling back to a synchronous message for: https://sig.tse.jus.br."
console.warn: LoginRecipes: "Falling back to a synchronous message for: https://sig.tse.jus.br."
console.warn: LoginRecipes: "Falling back to a synchronous message for: https://sig.tse.jus.br."
console.warn: LoginRecipes: "Falling back to a synchronous message for: https://sig.tse.jus.br."
console.warn: LoginRecipes: "Falling back to a synchronous message for: https://sig.tse.jus.br."
console.warn: LoginRecipes: "Falling back to a synchronous message for: https://sig.tse.jus.br."
console.warn: LoginRecipes: "Falling back to a synchronous message for: https://sig.tse.jus.br."
console.warn: LoginRecipes: "Falling back to a synchronous message for: https://sig.tse.jus.br."
console.warn: LoginRecipes: "Falling back to a synchronous message for: https://sig.tse.jus.br."
console.warn: LoginRecipes: "Falling back to a synchronous message for: https://sig.tse.jus.br."
console.warn: LoginRecipes: "Falling back to a synchronous message for: https://sig.tse.jus.br."
console.warn: LoginRecipes: "Falling back to a synchronous message for: https://sig.tse.jus.br."
console.warn: LoginRecipes: "Falling back to a synchronous message for: https://sig.tse.jus.br."
console.warn: LoginRecipes: "Falling back to a synchronous message for: https://sig.tse.jus.br."
console.warn: LoginRecipes: "Falling back to a synchronous message for: https://sig.tse.jus.br."
console.warn: LoginRecipes: "Falling back to a synchronous message for: https://sig.tse.jus.br."
console.warn: LoginRecipes: "Falling back to a synchronous message for: https://sig.tse.jus.br."
console.warn: LoginRecipes: "Falling back to a synchronous message for: https://sig.tse.jus.br."
console.warn: LoginRecipes: "Falling back to a synchronous message for: https://sig.tse.jus.br."
console.warn: LoginRecipes: "Falling back to a synchronous message for: https://sig.tse.jus.br."
console.warn: LoginRecipes: "Falling back to a synchronous message for: https://sig.tse.jus.br."
console.warn: LoginRecipes: "Falling back to a synchronous message for: https://sig.tse.jus.br."
console.warn: LoginRecipes: "Falling back to a synchronous message for: https://sig.tse.jus.br."
console.warn: LoginRecipes: "Falling back to a synchronous message for: https://sig.tse.jus.br."
console.warn: LoginRecipes: "Falling back to a synchronous message for: https://sig.tse.jus.br."
console.warn: LoginRecipes: "Falling back to a synchronous message for: https://sig.tse.jus.br."
console.warn: LoginRecipes: "Falling back to a synchronous message for: https://sig.tse.jus.br."
console.warn: LoginRecipes: "Falling back to a synchronous message for: https://sig.tse.jus.br."
console.warn: LoginRecipes: "Falling back to a synchronous message for: https://sig.tse.jus.br."
console.warn: LoginRecipes: "Falling back to a synchronous message for: https://sig.tse.jus.br."
console.warn: LoginRecipes: "Falling back to a synchronous message for: https://sig.tse.jus.br."
console.warn: LoginRecipes: "Falling back to a synchronous message for: https://sig.tse.jus.br."
console.warn: LoginRecipes: "Falling back to a synchronous message for: https://sig.tse.jus.br."
console.warn: LoginRecipes: "Falling back to a synchronous message for: https://sig.tse.jus.br."
console.warn: LoginRecipes: "Falling back to a synchronous message for: https://sig.tse.jus.br."
console.warn: LoginRecipes: "Falling back to a synchronous message for: https://sig.tse.jus.br."
console.warn: LoginRecipes: "Falling back to a synchronous message for: https://sig.tse.jus.br."
console.warn: LoginRecipes: "Falling back to a synchronous message for: https://sig.tse.jus.br."
console.warn: LoginRecipes: "Falling back to a synchronous message for: https://sig.tse.jus.br."
console.warn: LoginRecipes: "Falling back to a synchronous message for: https://sig.tse.jus.br."
console.warn: LoginRecipes: "Falling back to a synchronous message for: https://sig.tse.jus.br."
console.warn: LoginRecipes: "Falling back to a synchronous message for: https://sig.tse.jus.br."
console.warn: LoginRecipes: "Falling back to a synchronous message for: https://sig.tse.jus.br."
console.warn: LoginRecipes: "Falling back to a synchronous message for: https://sig.tse.jus.br."
console.warn: LoginRecipes: "Falling back to a synchronous message for: https://sig.tse.jus.br."
console.warn: LoginRecipes: "Falling back to a synchronous message for: https://sig.tse.jus.br."
console.warn: LoginRecipes: "Falling back to a synchronous message for: https://sig.tse.jus.br."
console.warn: LoginRecipes: "Falling back to a synchronous message for: https://sig.tse.jus.br."
console.warn: LoginRecipes: "Falling back to a synchronous message for: https://sig.tse.jus.br."
console.warn: LoginRecipes: "Falling back to a synchronous message for: https://sig.tse.jus.br."
console.warn: LoginRecipes: "Falling back to a synchronous message for: https://sig.tse.jus.br."
console.warn: LoginRecipes: "Falling back to a synchronous message for: https://sig.tse.jus.br."
console.warn: LoginRecipes: "Falling back to a synchronous message for: https://sig.tse.jus.br."
console.warn: LoginRecipes: "Falling back to a synchronous message for: https://sig.tse.jus.br."
console.warn: LoginRecipes: "Falling back to a synchronous message for: https://sig.tse.jus.br."
console.warn: LoginRecipes: "Falling back to a synchronous message for: https://sig.tse.jus.br."
console.warn: LoginRecipes: "Falling back to a synchronous message for: https://sig.tse.jus.br."
console.warn: LoginRecipes: "Falling back to a synchronous message for: https://sig.tse.jus.br."
console.warn: LoginRecipes: "Falling back to a synchronous message for: https://sig.tse.jus.br."
console.warn: LoginRecipes: "Falling back to a synchronous message for: https://sig.tse.jus.br."
console.warn: LoginRecipes: "Falling back to a synchronous message for: https://sig.tse.jus.br."
console.warn: LoginRecipes: "Falling back to a synchronous message for: https://sig.tse.jus.br."
console.warn: LoginRecipes: "Falling back to a synchronous message for: https://sig.tse.jus.br."
console.warn: LoginRecipes: "Falling back to a synchronous message for: https://sig.tse.jus.br."
console.warn: LoginRecipes: "Falling back to a synchronous message for: https://sig.tse.jus.br."
console.warn: LoginRecipes: "Falling back to a synchronous message for: https://sig.tse.jus.br."
console.warn: LoginRecipes: "Falling back to a synchronous message for: https://sig.tse.jus.br."
console.warn: LoginRecipes: "Falling back to a synchronous message for: https://sig.tse.jus.br."
console.warn: LoginRecipes: "Falling back to a synchronous message for: https://sig.tse.jus.br."
console.warn: LoginRecipes: "Falling back to a synchronous message for: https://sig.tse.jus.br."
console.warn: LoginRecipes: "Falling back to a synchronous message for: https://sig.tse.jus.br."
console.warn: LoginRecipes: "Falling back to a synchronous message for: https://sig.tse.jus.br."
console.warn: LoginRecipes: "Falling back to a synchronous message for: https://sig.tse.jus.br."
console.warn: LoginRecipes: "Falling back to a synchronous message for: https://sig.tse.jus.br."
console.warn: LoginRecipes: "Falling back to a synchronous message for: https://sig.tse.jus.br."
console.warn: LoginRecipes: "Falling back to a synchronous message for: https://sig.tse.jus.br."
console.warn: LoginRecipes: "Falling back to a synchronous message for: https://sig.tse.jus.br."
console.warn: LoginRecipes: "Falling back to a synchronous message for: https://sig.tse.jus.br."
console.warn: LoginRecipes: "Falling back to a synchronous message for: https://sig.tse.jus.br."
console.warn: LoginRecipes: "Falling back to a synchronous message for: https://sig.tse.jus.br."
console.warn: LoginRecipes: "Falling back to a synchronous message for: https://sig.tse.jus.br."
console.warn: LoginRecipes: "Falling back to a synchronous message for: https://sig.tse.jus.br."
console.warn: LoginRecipes: "Falling back to a synchronous message for: https://sig.tse.jus.br."
console.warn: LoginRecipes: "Falling back to a synchronous message for: https://sig.tse.jus.br."
console.warn: LoginRecipes: "Falling back to a synchronous message for: https://sig.tse.jus.br."
console.warn: LoginRecipes: "Falling back to a synchronous message for: https://sig.tse.jus.br."
console.warn: LoginRecipes: "Falling back to a synchronous message for: https://sig.tse.jus.br."
console.warn: LoginRecipes: "Falling back to a synchronous message for: https://sig.tse.jus.br."
console.warn: LoginRecipes: "Falling back to a synchronous message for: https://sig.tse.jus.br."
console.warn: LoginRecipes: "Falling back to a synchronous message for: https://sig.tse.jus.br."
console.warn: LoginRecipes: "Falling back to a synchronous message for: https://sig.tse.jus.br."
console.warn: LoginRecipes: "Falling back to a synchronous message for: https://sig.tse.jus.br."
console.warn: LoginRecipes: "Falling back to a synchronous message for: https://sig.tse.jus.br."
console.warn: LoginRecipes: "Falling back to a synchronous message for: https://sig.tse.jus.br."
console.warn: LoginRecipes: "Falling back to a synchronous message for: https://sig.tse.jus.br."
console.warn: LoginRecipes: "Falling back to a synchronous message for: https://sig.tse.jus.br."
console.warn: LoginRecipes: "Falling back to a synchronous message for: https://sig.tse.jus.br."
console.warn: LoginRecipes: "Falling back to a synchronous message for: https://sig.tse.jus.br."
console.warn: LoginRecipes: "Falling back to a synchronous message for: https://sig.tse.jus.br."
console.warn: LoginRecipes: "Falling back to a synchronous message for: https://sig.tse.jus.br."
console.warn: LoginRecipes: "Falling back to a synchronous message for: https://sig.tse.jus.br."
console.warn: LoginRecipes: "Falling back to a synchronous message for: https://sig.tse.jus.br."
console.warn: LoginRecipes: "Falling back to a synchronous message for: https://sig.tse.jus.br."
console.warn: LoginRecipes: "Falling back to a synchronous message for: https://sig.tse.jus.br."
console.warn: LoginRecipes: "Falling back to a synchronous message for: https://sig.tse.jus.br."
console.warn: LoginRecipes: "Falling back to a synchronous message for: https://sig.tse.jus.br."
console.warn: LoginRecipes: "Falling back to a synchronous message for: https://sig.tse.jus.br."
console.warn: LoginRecipes: "Falling back to a synchronous message for: https://sig.tse.jus.br."
console.warn: LoginRecipes: "Falling back to a synchronous message for: https://sig.tse.jus.br."
console.warn: LoginRecipes: "Falling back to a synchronous message for: https://sig.tse.jus.br."
console.warn: LoginRecipes: "Falling back to a synchronous message for: https://sig.tse.jus.br."
console.warn: LoginRecipes: "Falling back to a synchronous message for: https://sig.tse.jus.br."
console.warn: LoginRecipes: "Falling back to a synchronous message for: https://sig.tse.jus.br."
console.warn: LoginRecipes: "Falling back to a synchronous message for: https://sig.tse.jus.br."
console.warn: LoginRecipes: "Falling back to a synchronous message for: https://sig.tse.jus.br."
console.warn: LoginRecipes: "Falling back to a synchronous message for: https://sig.tse.jus.br."
console.warn: LoginRecipes: "Falling back to a synchronous message for: https://sig.tse.jus.br."
console.warn: LoginRecipes: "Falling back to a synchronous message for: https://sig.tse.jus.br."
console.warn: LoginRecipes: "Falling back to a synchronous message for: https://sig.tse.jus.br."
console.warn: LoginRecipes: "Falling back to a synchronous message for: https://sig.tse.jus.br."
console.warn: LoginRecipes: "Falling back to a synchronous message for: https://sig.tse.jus.br."
console.warn: LoginRecipes: "Falling back to a synchronous message for: https://sig.tse.jus.br."
console.warn: LoginRecipes: "Falling back to a synchronous message for: https://sig.tse.jus.br."
console.warn: LoginRecipes: "Falling back to a synchronous message for: https://sig.tse.jus.br."
console.warn: LoginRecipes: "Falling back to a synchronous message for: https://sig.tse.jus.br."
console.warn: LoginRecipes: "Falling back to a synchronous message for: https://sig.tse.jus.br."
console.warn: LoginRecipes: "Falling back to a synchronous message for: https://sig.tse.jus.br."
console.warn: LoginRecipes: "Falling back to a synchronous message for: https://sig.tse.jus.br."
console.warn: LoginRecipes: "Falling back to a synchronous message for: https://sig.tse.jus.br."
console.warn: LoginRecipes: "Falling back to a synchronous message for: https://sig.tse.jus.br."
console.warn: LoginRecipes: "Falling back to a synchronous message for: https://sig.tse.jus.br."
console.warn: LoginRecipes: "Falling back to a synchronous message for: https://sig.tse.jus.br."
console.warn: LoginRecipes: "Falling back to a synchronous message for: https://sig.tse.jus.br."
console.warn: LoginRecipes: "Falling back to a synchronous message for: https://sig.tse.jus.br."
console.warn: LoginRecipes: "Falling back to a synchronous message for: https://sig.tse.jus.br."
console.warn: LoginRecipes: "Falling back to a synchronous message for: https://sig.tse.jus.br."
console.warn: LoginRecipes: "Falling back to a synchronous message for: https://sig.tse.jus.br."
console.warn: LoginRecipes: "Falling back to a synchronous message for: https://sig.tse.jus.br."
console.warn: LoginRecipes: "Falling back to a synchronous message for: https://sig.tse.jus.br."
console.warn: LoginRecipes: "Falling back to a synchronous message for: https://sig.tse.jus.br."
console.warn: LoginRecipes: "Falling back to a synchronous message for: https://sig.tse.jus.br."
console.warn: LoginRecipes: "Falling back to a synchronous message for: https://sig.tse.jus.br."
console.warn: LoginRecipes: "Falling back to a synchronous message for: https://sig.tse.jus.br."
console.warn: LoginRecipes: "Falling back to a synchronous message for: https://sig.tse.jus.br."
console.warn: LoginRecipes: "Falling back to a synchronous message for: https://sig.tse.jus.br."
console.warn: LoginRecipes: "Falling back to a synchronous message for: https://sig.tse.jus.br."
console.warn: LoginRecipes: "Falling back to a synchronous message for: https://sig.tse.jus.br."
console.warn: LoginRecipes: "Falling back to a synchronous message for: https://sig.tse.jus.br."
console.warn: LoginRecipes: "Falling back to a synchronous message for: https://sig.tse.jus.br."
console.warn: LoginRecipes: "Falling back to a synchronous message for: https://sig.tse.jus.br."
console.warn: LoginRecipes: "Falling back to a synchronous message for: https://sig.tse.jus.br."
console.warn: LoginRecipes: "Falling back to a synchronous message for: https://sig.tse.jus.br."
console.warn: LoginRecipes: "Falling back to a synchronous message for: https://sig.tse.jus.br."
console.warn: LoginRecipes: "Falling back to a synchronous message for: https://sig.tse.jus.br."
console.warn: LoginRecipes: "Falling back to a synchronous message for: https://sig.tse.jus.br."
console.warn: LoginRecipes: "Falling back to a synchronous message for: https://sig.tse.jus.br."
console.warn: LoginRecipes: "Falling back to a synchronous message for: https://sig.tse.jus.br."
console.warn: LoginRecipes: "Falling back to a synchronous message for: https://sig.tse.jus.br."
1683032099196	Marionette	INFO	Stopped listening on port 57439
Dynamically enable window occlusion 1
console.warn: TopSitesFeed: Failed to fetch data from Contile server: NetworkError when attempting to fetch resource.
1683032104051	geckodriver	INFO	Listening on 127.0.0.1:58100
1683032107128	mozrunner::runner	INFO	Running command: "C:\\Program Files\\Mozilla Firefox\\firefox.exe" "--marionette" "-headless" "--remote-debugging-port" "58101" "--remote-allow-hosts" "localhost" "-no-remote" "-profile" "C:\\Users\\BERNAR~1.OLI\\AppData\\Local\\Temp\\rust_mozprofilergqaAO"
*** You are running in headless mode.
console.warn: services.settings: Ignoring preference override of remote settings server
console.warn: services.settings: Allow by setting MOZ_REMOTE_SETTINGS_DEVTOOLS=1 in the environment
1683032107373	Marionette	INFO	Marionette enabled
Dynamically enable window occlusion 0
1683032107376	Marionette	INFO	Listening on port 58110
WebDriver BiDi listening on ws://127.0.0.1:58101
Read port: 58110
1683032107578	RemoteAgent	WARN	TLS certificate errors will be ignored for this session
[GFX1-]: RenderCompositorSWGL failed mapping default framebuffer, no dt
console.warn: SearchSettings: "get: No settings file exists, new profile?" (new NotFoundError("Could not open the file at C:\\Users\\BERNAR~1.OLI\\AppData\\Local\\Temp\\rust_mozprofilergqaAO\\search.json.mozlz4", (void 0)))
[ERROR glean_core] Error setting metrics feature config: Json(Error("EOF while parsing a value", line: 1, column: 0))
console.error: ({})
DevTools listening on ws://127.0.0.1:58101/devtools/browser/dbed78d7-032f-4670-a192-53bd16294508
console.warn: LoginRecipes: "Falling back to a synchronous message for: https://sig.tse.jus.br."
console.warn: LoginRecipes: "Falling back to a synchronous message for: https://sig.tse.jus.br."
console.warn: LoginRecipes: "Falling back to a synchronous message for: https://sig.tse.jus.br."
console.warn: LoginRecipes: "Falling back to a synchronous message for: https://sig.tse.jus.br."
console.warn: LoginRecipes: "Falling back to a synchronous message for: https://sig.tse.jus.br."
console.warn: LoginRecipes: "Falling back to a synchronous message for: https://sig.tse.jus.br."
console.warn: LoginRecipes: "Falling back to a synchronous message for: https://sig.tse.jus.br."
console.warn: LoginRecipes: "Falling back to a synchronous message for: https://sig.tse.jus.br."
console.warn: LoginRecipes: "Falling back to a synchronous message for: https://sig.tse.jus.br."
console.warn: LoginRecipes: "Falling back to a synchronous message for: https://sig.tse.jus.br."
console.warn: LoginRecipes: "Falling back to a synchronous message for: https://sig.tse.jus.br."
console.warn: LoginRecipes: "Falling back to a synchronous message for: https://sig.tse.jus.br."
console.warn: LoginRecipes: "Falling back to a synchronous message for: https://sig.tse.jus.br."
console.warn: LoginRecipes: "Falling back to a synchronous message for: https://sig.tse.jus.br."
console.warn: LoginRecipes: "Falling back to a synchronous message for: https://sig.tse.jus.br."
console.warn: LoginRecipes: "Falling back to a synchronous message for: https://sig.tse.jus.br."
console.warn: LoginRecipes: "Falling back to a synchronous message for: https://sig.tse.jus.br."
console.warn: LoginRecipes: "Falling back to a synchronous message for: https://sig.tse.jus.br."
console.warn: LoginRecipes: "Falling back to a synchronous message for: https://sig.tse.jus.br."
console.warn: LoginRecipes: "Falling back to a synchronous message for: https://sig.tse.jus.br."
console.warn: LoginRecipes: "Falling back to a synchronous message for: https://sig.tse.jus.br."
console.warn: LoginRecipes: "Falling back to a synchronous message for: https://sig.tse.jus.br."
console.warn: LoginRecipes: "Falling back to a synchronous message for: https://sig.tse.jus.br."
console.warn: LoginRecipes: "Falling back to a synchronous message for: https://sig.tse.jus.br."
console.warn: LoginRecipes: "Falling back to a synchronous message for: https://sig.tse.jus.br."
console.warn: LoginRecipes: "Falling back to a synchronous message for: https://sig.tse.jus.br."
console.warn: LoginRecipes: "Falling back to a synchronous message for: https://sig.tse.jus.br."
console.warn: LoginRecipes: "Falling back to a synchronous message for: https://sig.tse.jus.br."
console.warn: LoginRecipes: "Falling back to a synchronous message for: https://sig.tse.jus.br."
console.warn: LoginRecipes: "Falling back to a synchronous message for: https://sig.tse.jus.br."
console.warn: LoginRecipes: "Falling back to a synchronous message for: https://sig.tse.jus.br."
console.warn: LoginRecipes: "Falling back to a synchronous message for: https://sig.tse.jus.br."
console.warn: LoginRecipes: "Falling back to a synchronous message for: https://sig.tse.jus.br."
console.warn: LoginRecipes: "Falling back to a synchronous message for: https://sig.tse.jus.br."
console.warn: LoginRecipes: "Falling back to a synchronous message for: https://sig.tse.jus.br."
console.warn: LoginRecipes: "Falling back to a synchronous message for: https://sig.tse.jus.br."
console.warn: LoginRecipes: "Falling back to a synchronous message for: https://sig.tse.jus.br."
console.warn: LoginRecipes: "Falling back to a synchronous message for: https://sig.tse.jus.br."
console.warn: LoginRecipes: "Falling back to a synchronous message for: https://sig.tse.jus.br."
console.warn: LoginRecipes: "Falling back to a synchronous message for: https://sig.tse.jus.br."
console.warn: LoginRecipes: "Falling back to a synchronous message for: https://sig.tse.jus.br."
console.warn: LoginRecipes: "Falling back to a synchronous message for: https://sig.tse.jus.br."
console.warn: LoginRecipes: "Falling back to a synchronous message for: https://sig.tse.jus.br."
console.warn: LoginRecipes: "Falling back to a synchronous message for: https://sig.tse.jus.br."
console.warn: LoginRecipes: "Falling back to a synchronous message for: https://sig.tse.jus.br."
console.warn: LoginRecipes: "Falling back to a synchronous message for: https://sig.tse.jus.br."
console.warn: LoginRecipes: "Falling back to a synchronous message for: https://sig.tse.jus.br."
console.warn: LoginRecipes: "Falling back to a synchronous message for: https://sig.tse.jus.br."
console.warn: LoginRecipes: "Falling back to a synchronous message for: https://sig.tse.jus.br."
console.warn: LoginRecipes: "Falling back to a synchronous message for: https://sig.tse.jus.br."
console.warn: LoginRecipes: "Falling back to a synchronous message for: https://sig.tse.jus.br."
console.warn: LoginRecipes: "Falling back to a synchronous message for: https://sig.tse.jus.br."
console.warn: LoginRecipes: "Falling back to a synchronous message for: https://sig.tse.jus.br."
console.warn: LoginRecipes: "Falling back to a synchronous message for: https://sig.tse.jus.br."
console.warn: LoginRecipes: "Falling back to a synchronous message for: https://sig.tse.jus.br."
console.warn: LoginRecipes: "Falling back to a synchronous message for: https://sig.tse.jus.br."
console.warn: LoginRecipes: "Falling back to a synchronous message for: https://sig.tse.jus.br."
console.warn: LoginRecipes: "Falling back to a synchronous message for: https://sig.tse.jus.br."
console.warn: LoginRecipes: "Falling back to a synchronous message for: https://sig.tse.jus.br."
console.warn: LoginRecipes: "Falling back to a synchronous message for: https://sig.tse.jus.br."
console.warn: LoginRecipes: "Falling back to a synchronous message for: https://sig.tse.jus.br."
console.warn: LoginRecipes: "Falling back to a synchronous message for: https://sig.tse.jus.br."
console.warn: LoginRecipes: "Falling back to a synchronous message for: https://sig.tse.jus.br."
console.warn: LoginRecipes: "Falling back to a synchronous message for: https://sig.tse.jus.br."
console.warn: LoginRecipes: "Falling back to a synchronous message for: https://sig.tse.jus.br."
console.warn: LoginRecipes: "Falling back to a synchronous message for: https://sig.tse.jus.br."
console.warn: LoginRecipes: "Falling back to a synchronous message for: https://sig.tse.jus.br."
console.warn: LoginRecipes: "Falling back to a synchronous message for: https://sig.tse.jus.br."
console.warn: LoginRecipes: "Falling back to a synchronous message for: https://sig.tse.jus.br."
console.warn: LoginRecipes: "Falling back to a synchronous message for: https://sig.tse.jus.br."
console.warn: LoginRecipes: "Falling back to a synchronous message for: https://sig.tse.jus.br."
console.warn: LoginRecipes: "Falling back to a synchronous message for: https://sig.tse.jus.br."
console.warn: LoginRecipes: "Falling back to a synchronous message for: https://sig.tse.jus.br."
console.warn: LoginRecipes: "Falling back to a synchronous message for: https://sig.tse.jus.br."
console.warn: LoginRecipes: "Falling back to a synchronous message for: https://sig.tse.jus.br."
console.warn: LoginRecipes: "Falling back to a synchronous message for: https://sig.tse.jus.br."
console.warn: LoginRecipes: "Falling back to a synchronous message for: https://sig.tse.jus.br."
console.warn: LoginRecipes: "Falling back to a synchronous message for: https://sig.tse.jus.br."
console.warn: LoginRecipes: "Falling back to a synchronous message for: https://sig.tse.jus.br."
console.warn: LoginRecipes: "Falling back to a synchronous message for: https://sig.tse.jus.br."
console.warn: LoginRecipes: "Falling back to a synchronous message for: https://sig.tse.jus.br."
console.warn: LoginRecipes: "Falling back to a synchronous message for: https://sig.tse.jus.br."
console.warn: LoginRecipes: "Falling back to a synchronous message for: https://sig.tse.jus.br."
console.warn: LoginRecipes: "Falling back to a synchronous message for: https://sig.tse.jus.br."
console.warn: LoginRecipes: "Falling back to a synchronous message for: https://sig.tse.jus.br."
console.warn: LoginRecipes: "Falling back to a synchronous message for: https://sig.tse.jus.br."
console.warn: LoginRecipes: "Falling back to a synchronous message for: https://sig.tse.jus.br."
console.warn: LoginRecipes: "Falling back to a synchronous message for: https://sig.tse.jus.br."
console.warn: LoginRecipes: "Falling back to a synchronous message for: https://sig.tse.jus.br."
console.warn: LoginRecipes: "Falling back to a synchronous message for: https://sig.tse.jus.br."
console.warn: LoginRecipes: "Falling back to a synchronous message for: https://sig.tse.jus.br."
console.warn: LoginRecipes: "Falling back to a synchronous message for: https://sig.tse.jus.br."
console.warn: LoginRecipes: "Falling back to a synchronous message for: https://sig.tse.jus.br."
console.warn: LoginRecipes: "Falling back to a synchronous message for: https://sig.tse.jus.br."
console.warn: LoginRecipes: "Falling back to a synchronous message for: https://sig.tse.jus.br."
console.warn: LoginRecipes: "Falling back to a synchronous message for: https://sig.tse.jus.br."
console.warn: LoginRecipes: "Falling back to a synchronous message for: https://sig.tse.jus.br."
console.warn: LoginRecipes: "Falling back to a synchronous message for: https://sig.tse.jus.br."
console.warn: LoginRecipes: "Falling back to a synchronous message for: https://sig.tse.jus.br."
console.warn: LoginRecipes: "Falling back to a synchronous message for: https://sig.tse.jus.br."
console.warn: LoginRecipes: "Falling back to a synchronous message for: https://sig.tse.jus.br."
console.warn: LoginRecipes: "Falling back to a synchronous message for: https://sig.tse.jus.br."
console.warn: LoginRecipes: "Falling back to a synchronous message for: https://sig.tse.jus.br."
console.warn: LoginRecipes: "Falling back to a synchronous message for: https://sig.tse.jus.br."
console.warn: LoginRecipes: "Falling back to a synchronous message for: https://sig.tse.jus.br."
console.warn: LoginRecipes: "Falling back to a synchronous message for: https://sig.tse.jus.br."
console.warn: LoginRecipes: "Falling back to a synchronous message for: https://sig.tse.jus.br."
console.warn: LoginRecipes: "Falling back to a synchronous message for: https://sig.tse.jus.br."
console.warn: LoginRecipes: "Falling back to a synchronous message for: https://sig.tse.jus.br."
console.warn: LoginRecipes: "Falling back to a synchronous message for: https://sig.tse.jus.br."
console.warn: LoginRecipes: "Falling back to a synchronous message for: https://sig.tse.jus.br."
console.warn: LoginRecipes: "Falling back to a synchronous message for: https://sig.tse.jus.br."
console.warn: LoginRecipes: "Falling back to a synchronous message for: https://sig.tse.jus.br."
console.warn: LoginRecipes: "Falling back to a synchronous message for: https://sig.tse.jus.br."
console.warn: LoginRecipes: "Falling back to a synchronous message for: https://sig.tse.jus.br."
console.warn: LoginRecipes: "Falling back to a synchronous message for: https://sig.tse.jus.br."
console.warn: LoginRecipes: "Falling back to a synchronous message for: https://sig.tse.jus.br."
console.warn: LoginRecipes: "Falling back to a synchronous message for: https://sig.tse.jus.br."
console.warn: LoginRecipes: "Falling back to a synchronous message for: https://sig.tse.jus.br."
console.warn: LoginRecipes: "Falling back to a synchronous message for: https://sig.tse.jus.br."
console.warn: LoginRecipes: "Falling back to a synchronous message for: https://sig.tse.jus.br."
console.warn: LoginRecipes: "Falling back to a synchronous message for: https://sig.tse.jus.br."
console.warn: LoginRecipes: "Falling back to a synchronous message for: https://sig.tse.jus.br."
console.warn: LoginRecipes: "Falling back to a synchronous message for: https://sig.tse.jus.br."
console.warn: LoginRecipes: "Falling back to a synchronous message for: https://sig.tse.jus.br."
console.warn: LoginRecipes: "Falling back to a synchronous message for: https://sig.tse.jus.br."
console.warn: LoginRecipes: "Falling back to a synchronous message for: https://sig.tse.jus.br."
console.warn: LoginRecipes: "Falling back to a synchronous message for: https://sig.tse.jus.br."
console.warn: LoginRecipes: "Falling back to a synchronous message for: https://sig.tse.jus.br."
console.warn: LoginRecipes: "Falling back to a synchronous message for: https://sig.tse.jus.br."
console.warn: LoginRecipes: "Falling back to a synchronous message for: https://sig.tse.jus.br."
console.warn: LoginRecipes: "Falling back to a synchronous message for: https://sig.tse.jus.br."
console.warn: LoginRecipes: "Falling back to a synchronous message for: https://sig.tse.jus.br."
console.warn: LoginRecipes: "Falling back to a synchronous message for: https://sig.tse.jus.br."
console.warn: LoginRecipes: "Falling back to a synchronous message for: https://sig.tse.jus.br."
console.warn: LoginRecipes: "Falling back to a synchronous message for: https://sig.tse.jus.br."
console.warn: LoginRecipes: "Falling back to a synchronous message for: https://sig.tse.jus.br."
console.warn: LoginRecipes: "Falling back to a synchronous message for: https://sig.tse.jus.br."
console.warn: LoginRecipes: "Falling back to a synchronous message for: https://sig.tse.jus.br."
console.warn: LoginRecipes: "Falling back to a synchronous message for: https://sig.tse.jus.br."
console.warn: LoginRecipes: "Falling back to a synchronous message for: https://sig.tse.jus.br."
console.warn: LoginRecipes: "Falling back to a synchronous message for: https://sig.tse.jus.br."
console.warn: LoginRecipes: "Falling back to a synchronous message for: https://sig.tse.jus.br."
console.warn: LoginRecipes: "Falling back to a synchronous message for: https://sig.tse.jus.br."
console.warn: LoginRecipes: "Falling back to a synchronous message for: https://sig.tse.jus.br."
console.warn: LoginRecipes: "Falling back to a synchronous message for: https://sig.tse.jus.br."
console.warn: LoginRecipes: "Falling back to a synchronous message for: https://sig.tse.jus.br."
console.warn: LoginRecipes: "Falling back to a synchronous message for: https://sig.tse.jus.br."
console.warn: LoginRecipes: "Falling back to a synchronous message for: https://sig.tse.jus.br."
console.warn: LoginRecipes: "Falling back to a synchronous message for: https://sig.tse.jus.br."
console.warn: LoginRecipes: "Falling back to a synchronous message for: https://sig.tse.jus.br."
console.warn: LoginRecipes: "Falling back to a synchronous message for: https://sig.tse.jus.br."
console.warn: LoginRecipes: "Falling back to a synchronous message for: https://sig.tse.jus.br."
console.warn: LoginRecipes: "Falling back to a synchronous message for: https://sig.tse.jus.br."
console.warn: LoginRecipes: "Falling back to a synchronous message for: https://sig.tse.jus.br."
console.warn: LoginRecipes: "Falling back to a synchronous message for: https://sig.tse.jus.br."
console.warn: LoginRecipes: "Falling back to a synchronous message for: https://sig.tse.jus.br."
console.warn: LoginRecipes: "Falling back to a synchronous message for: https://sig.tse.jus.br."
console.warn: LoginRecipes: "Falling back to a synchronous message for: https://sig.tse.jus.br."
console.warn: LoginRecipes: "Falling back to a synchronous message for: https://sig.tse.jus.br."
console.warn: LoginRecipes: "Falling back to a synchronous message for: https://sig.tse.jus.br."
console.warn: LoginRecipes: "Falling back to a synchronous message for: https://sig.tse.jus.br."
console.warn: LoginRecipes: "Falling back to a synchronous message for: https://sig.tse.jus.br."
console.warn: LoginRecipes: "Falling back to a synchronous message for: https://sig.tse.jus.br."
console.warn: LoginRecipes: "Falling back to a synchronous message for: https://sig.tse.jus.br."
console.warn: LoginRecipes: "Falling back to a synchronous message for: https://sig.tse.jus.br."
console.warn: LoginRecipes: "Falling back to a synchronous message for: https://sig.tse.jus.br."
console.warn: LoginRecipes: "Falling back to a synchronous message for: https://sig.tse.jus.br."
console.warn: LoginRecipes: "Falling back to a synchronous message for: https://sig.tse.jus.br."
console.warn: LoginRecipes: "Falling back to a synchronous message for: https://sig.tse.jus.br."
console.warn: LoginRecipes: "Falling back to a synchronous message for: https://sig.tse.jus.br."
console.warn: LoginRecipes: "Falling back to a synchronous message for: https://sig.tse.jus.br."
console.warn: LoginRecipes: "Falling back to a synchronous message for: https://sig.tse.jus.br."
console.warn: LoginRecipes: "Falling back to a synchronous message for: https://sig.tse.jus.br."
console.warn: LoginRecipes: "Falling back to a synchronous message for: https://sig.tse.jus.br."
console.warn: LoginRecipes: "Falling back to a synchronous message for: https://sig.tse.jus.br."
console.warn: LoginRecipes: "Falling back to a synchronous message for: https://sig.tse.jus.br."
console.warn: LoginRecipes: "Falling back to a synchronous message for: https://sig.tse.jus.br."
console.warn: LoginRecipes: "Falling back to a synchronous message for: https://sig.tse.jus.br."
console.warn: LoginRecipes: "Falling back to a synchronous message for: https://sig.tse.jus.br."
console.warn: LoginRecipes: "Falling back to a synchronous message for: https://sig.tse.jus.br."
console.warn: LoginRecipes: "Falling back to a synchronous message for: https://sig.tse.jus.br."
console.warn: LoginRecipes: "Falling back to a synchronous message for: https://sig.tse.jus.br."
console.warn: LoginRecipes: "Falling back to a synchronous message for: https://sig.tse.jus.br."
console.warn: LoginRecipes: "Falling back to a synchronous message for: https://sig.tse.jus.br."
console.warn: LoginRecipes: "Falling back to a synchronous message for: https://sig.tse.jus.br."
console.warn: LoginRecipes: "Falling back to a synchronous message for: https://sig.tse.jus.br."
console.warn: LoginRecipes: "Falling back to a synchronous message for: https://sig.tse.jus.br."
console.warn: LoginRecipes: "Falling back to a synchronous message for: https://sig.tse.jus.br."
console.warn: LoginRecipes: "Falling back to a synchronous message for: https://sig.tse.jus.br."
console.warn: LoginRecipes: "Falling back to a synchronous message for: https://sig.tse.jus.br."
console.warn: LoginRecipes: "Falling back to a synchronous message for: https://sig.tse.jus.br."
console.warn: LoginRecipes: "Falling back to a synchronous message for: https://sig.tse.jus.br."
console.warn: LoginRecipes: "Falling back to a synchronous message for: https://sig.tse.jus.br."
console.warn: LoginRecipes: "Falling back to a synchronous message for: https://sig.tse.jus.br."
console.warn: LoginRecipes: "Falling back to a synchronous message for: https://sig.tse.jus.br."
console.warn: LoginRecipes: "Falling back to a synchronous message for: https://sig.tse.jus.br."
console.warn: LoginRecipes: "Falling back to a synchronous message for: https://sig.tse.jus.br."
console.warn: LoginRecipes: "Falling back to a synchronous message for: https://sig.tse.jus.br."
console.warn: LoginRecipes: "Falling back to a synchronous message for: https://sig.tse.jus.br."
console.warn: LoginRecipes: "Falling back to a synchronous message for: https://sig.tse.jus.br."
console.warn: LoginRecipes: "Falling back to a synchronous message for: https://sig.tse.jus.br."
console.warn: LoginRecipes: "Falling back to a synchronous message for: https://sig.tse.jus.br."
console.warn: LoginRecipes: "Falling back to a synchronous message for: https://sig.tse.jus.br."
console.warn: LoginRecipes: "Falling back to a synchronous message for: https://sig.tse.jus.br."
console.warn: LoginRecipes: "Falling back to a synchronous message for: https://sig.tse.jus.br."
console.warn: LoginRecipes: "Falling back to a synchronous message for: https://sig.tse.jus.br."
console.warn: LoginRecipes: "Falling back to a synchronous message for: https://sig.tse.jus.br."
console.warn: LoginRecipes: "Falling back to a synchronous message for: https://sig.tse.jus.br."
console.warn: LoginRecipes: "Falling back to a synchronous message for: https://sig.tse.jus.br."
console.warn: LoginRecipes: "Falling back to a synchronous message for: https://sig.tse.jus.br."
console.warn: LoginRecipes: "Falling back to a synchronous message for: https://sig.tse.jus.br."
console.warn: LoginRecipes: "Falling back to a synchronous message for: https://sig.tse.jus.br."
console.warn: LoginRecipes: "Falling back to a synchronous message for: https://sig.tse.jus.br."
console.warn: LoginRecipes: "Falling back to a synchronous message for: https://sig.tse.jus.br."
console.warn: LoginRecipes: "Falling back to a synchronous message for: https://sig.tse.jus.br."
console.warn: LoginRecipes: "Falling back to a synchronous message for: https://sig.tse.jus.br."
console.warn: LoginRecipes: "Falling back to a synchronous message for: https://sig.tse.jus.br."
console.warn: LoginRecipes: "Falling back to a synchronous message for: https://sig.tse.jus.br."
console.warn: LoginRecipes: "Falling back to a synchronous message for: https://sig.tse.jus.br."
console.warn: LoginRecipes: "Falling back to a synchronous message for: https://sig.tse.jus.br."
console.warn: LoginRecipes: "Falling back to a synchronous message for: https://sig.tse.jus.br."
console.warn: LoginRecipes: "Falling back to a synchronous message for: https://sig.tse.jus.br."
console.warn: LoginRecipes: "Falling back to a synchronous message for: https://sig.tse.jus.br."
console.warn: LoginRecipes: "Falling back to a synchronous message for: https://sig.tse.jus.br."
console.warn: LoginRecipes: "Falling back to a synchronous message for: https://sig.tse.jus.br."
console.warn: LoginRecipes: "Falling back to a synchronous message for: https://sig.tse.jus.br."
console.warn: LoginRecipes: "Falling back to a synchronous message for: https://sig.tse.jus.br."
console.warn: LoginRecipes: "Falling back to a synchronous message for: https://sig.tse.jus.br."
console.warn: LoginRecipes: "Falling back to a synchronous message for: https://sig.tse.jus.br."
console.warn: LoginRecipes: "Falling back to a synchronous message for: https://sig.tse.jus.br."
console.warn: LoginRecipes: "Falling back to a synchronous message for: https://sig.tse.jus.br."
console.warn: LoginRecipes: "Falling back to a synchronous message for: https://sig.tse.jus.br."
console.warn: LoginRecipes: "Falling back to a synchronous message for: https://sig.tse.jus.br."
console.warn: LoginRecipes: "Falling back to a synchronous message for: https://sig.tse.jus.br."
console.warn: LoginRecipes: "Falling back to a synchronous message for: https://sig.tse.jus.br."
console.warn: LoginRecipes: "Falling back to a synchronous message for: https://sig.tse.jus.br."
console.warn: LoginRecipes: "Falling back to a synchronous message for: https://sig.tse.jus.br."
console.warn: LoginRecipes: "Falling back to a synchronous message for: https://sig.tse.jus.br."
console.warn: LoginRecipes: "Falling back to a synchronous message for: https://sig.tse.jus.br."
console.warn: LoginRecipes: "Falling back to a synchronous message for: https://sig.tse.jus.br."
console.warn: LoginRecipes: "Falling back to a synchronous message for: https://sig.tse.jus.br."
console.warn: LoginRecipes: "Falling back to a synchronous message for: https://sig.tse.jus.br."
console.warn: LoginRecipes: "Falling back to a synchronous message for: https://sig.tse.jus.br."
console.warn: LoginRecipes: "Falling back to a synchronous message for: https://sig.tse.jus.br."
console.warn: LoginRecipes: "Falling back to a synchronous message for: https://sig.tse.jus.br."
console.warn: LoginRecipes: "Falling back to a synchronous message for: https://sig.tse.jus.br."
console.warn: LoginRecipes: "Falling back to a synchronous message for: https://sig.tse.jus.br."
console.warn: LoginRecipes: "Falling back to a synchronous message for: https://sig.tse.jus.br."
